2025-04-14 04:32:24,547 - ERROR - Error occurred while searching for [fufufafa] on https://ask.fm//[fufufafa]: HTTPSConnectionPool(host='ask.fm', port=443): Max retries exceeded with url: /%5Bfufufafa%5D (Caused by NameResolutionError("<urllib3.connection.HTTPSConnection object at 0x000002AAC7214CD0>: Failed to resolve 'ask.fm' ([Errno 11001] getaddrinfo failed)"))
2025-04-14 04:32:29,805 - ERROR - Error occurred while searching for [fufufafa] on http://www.money-talk.org/profile.php?mode=viewprofile&u=/[fufufafa]: HTTPConnectionPool(host='www.money-talk.org', port=80): Max retries exceeded with url: /profile.php?mode=viewprofile&u=/%5Bfufufafa%5D (Caused by NewConnectionError('<urllib3.connection.HTTPConnection object at 0x000002AAC7130D70>: Failed to establish a new connection: [WinError 10061] No connection could be made because the target machine actively refused it'))
2025-04-14 04:32:30,015 - ERROR - Error occurred while searching for [fufufafa] on https://bitcoinforum.com/profile//[fufufafa]: HTTPSConnectionPool(host='bitcoinforum.com', port=443): Max retries exceeded with url: /profile//%5Bfufufafa%5D (Caused by NewConnectionError('<urllib3.connection.HTTPSConnection object at 0x000002AAC71474D0>: Failed to establish a new connection: [WinError 10061] No connection could be made because the target machine actively refused it'))
2025-04-14 04:32:34,165 - ERROR - Error occurred while searching for [fufufafa] on https://www.sbnation.com/users//[fufufafa]: Exceeded 30 redirects.
2025-04-14 04:32:44,833 - ERROR - Error occurred while searching for [fufufafa] on https://www.bloglovin.com/@/[fufufafa]: HTTPSConnectionPool(host='www.bloglovin.com', port=443): Max retries exceeded with url: /@/%5Bfufufafa%5D (Caused by SSLError(SSLCertVerificationError(1, '[SSL: CERTIFICATE_VERIFY_FAILED] certificate verify failed: self-signed certificate (_ssl.c:1018)')))
2025-04-14 04:32:44,991 - ERROR - Error occurred while searching for [fufufafa] on https://www.meetup.com/members//[fufufafa]: Exceeded 30 redirects.
2025-04-14 04:32:46,787 - ERROR - Error occurred while searching for [fufufafa] on https://www.tasteofhome.com/cook//[fufufafa]: Exceeded 30 redirects.
2025-04-14 04:32:48,589 - ERROR - Error occurred while searching for [fufufafa] on https://www.seoclerks.com/user//[fufufafa]: HTTPSConnectionPool(host='www.seoclerks.com', port=443): Max retries exceeded with url: /user//%5Bfufufafa%5D (Caused by SSLError(SSLCertVerificationError(1, '[SSL: CERTIFICATE_VERIFY_FAILED] certificate verify failed: self-signed certificate (_ssl.c:1018)')))
2025-04-14 04:32:53,066 - ERROR - Error occurred while searching for [fufufafa] on https://www.atlasobscura.com/users//[fufufafa]: Exceeded 30 redirects.
2025-04-14 04:32:58,038 - ERROR - Error occurred while searching for [fufufafa] on https://vimeo.com//[fufufafa]: HTTPSConnectionPool(host='vimeo.com', port=443): Max retries exceeded with url: /%5Bfufufafa%5D (Caused by SSLError(SSLCertVerificationError(1, '[SSL: CERTIFICATE_VERIFY_FAILED] certificate verify failed: self-signed certificate (_ssl.c:1018)')))
2025-04-14 04:33:15,321 - ERROR - Error occurred while searching for [fufufafa] on https://www.blip.fm//[fufufafa]: HTTPSConnectionPool(host='www.blip.fm', port=443): Max retries exceeded with url: /%5Bfufufafa%5D (Caused by ConnectTimeoutError(<urllib3.connection.HTTPSConnection object at 0x000002AAC88AA710>, 'Connection to www.blip.fm timed out. (connect timeout=None)'))
2025-04-14 04:33:21,283 - ERROR - Error occurred while searching for [fufufafa] on https://www.gamcare.org.uk/users//[fufufafa]: HTTPSConnectionPool(host='www.gamcare.org.uk', port=443): Max retries exceeded with url: /users//%5Bfufufafa%5D (Caused by SSLError(SSLCertVerificationError(1, '[SSL: CERTIFICATE_VERIFY_FAILED] certificate verify failed: self-signed certificate (_ssl.c:1018)')))
2025-04-14 04:33:44,814 - ERROR - Error occurred while searching for [fufufafa] on https://www.reddit.com/user//[fufufafa]: HTTPSConnectionPool(host='www.reddit.com', port=443): Max retries exceeded with url: /user//%5Bfufufafa%5D (Caused by ConnectTimeoutError(<urllib3.connection.HTTPSConnection object at 0x000002AAC7147250>, 'Connection to www.reddit.com timed out. (connect timeout=None)'))
2025-04-14 04:33:45,863 - ERROR - Error occurred while searching for [fufufafa] on https://www.xvideos.com/profiles//[fufufafa]: HTTPSConnectionPool(host='www.xvideos.com', port=443): Max retries exceeded with url: /profiles//%5Bfufufafa%5D (Caused by ConnectTimeoutError(<urllib3.connection.HTTPSConnection object at 0x000002AAC7214B90>, 'Connection to www.xvideos.com timed out. (connect timeout=None)'))
2025-04-14 04:33:45,942 - ERROR - Error occurred while searching for [fufufafa] on https://rt.pornhub.com/users//[fufufafa]: HTTPSConnectionPool(host='rt.pornhub.com', port=443): Read timed out. (read timeout=None)
2025-04-14 04:33:52,477 - ERROR - Error occurred while searching for [fufufafa] on https://redtube.com/users//[fufufafa]: HTTPSConnectionPool(host='redtube.com', port=443): Max retries exceeded with url: /users//%5Bfufufafa%5D (Caused by SSLError(SSLEOFError(8, '[SSL: UNEXPECTED_EOF_WHILE_READING] EOF occurred in violation of protocol (_ssl.c:1018)')))
2025-04-14 04:33:52,781 - ERROR - Error occurred while searching for [fufufafa] on https://www.newgrounds.com//[fufufafa]: HTTPSConnectionPool(host='www.newgrounds.com', port=443): Max retries exceeded with url: /%5Bfufufafa%5D (Caused by ConnectTimeoutError(<urllib3.connection.HTTPSConnection object at 0x000002AAC88A8E10>, 'Connection to www.newgrounds.com timed out. (connect timeout=None)'))
2025-04-14 04:34:14,424 - ERROR - Error occurred while searching for [fufufafa] on https://www.zedge.net/profile//[fufufafa]: HTTPSConnectionPool(host='www.zedge.net', port=443): Max retries exceeded with url: /profile//%5Bfufufafa%5D (Caused by SSLError(SSLCertVerificationError(1, '[SSL: CERTIFICATE_VERIFY_FAILED] certificate verify failed: self-signed certificate (_ssl.c:1018)')))
2025-04-14 04:34:38,650 - ERROR - Error occurred while searching for [fufufafa] on https://www.suicidegirls.com/members//[fufufafa]: ('Connection aborted.', ConnectionResetError(10054, 'An existing connection was forcibly closed by the remote host', None, 10054, None))
2025-04-14 04:35:11,279 - ERROR - Error occurred while searching for jokowi on https://ask.fm//jokowi: HTTPSConnectionPool(host='ask.fm', port=443): Max retries exceeded with url: /jokowi (Caused by NameResolutionError("<urllib3.connection.HTTPSConnection object at 0x0000020F809EB110>: Failed to resolve 'ask.fm' ([Errno 11001] getaddrinfo failed)"))
2025-04-14 04:35:15,079 - ERROR - Error occurred while searching for jokowi on https://bitcoinforum.com/profile//jokowi: HTTPSConnectionPool(host='bitcoinforum.com', port=443): Max retries exceeded with url: /profile//jokowi (Caused by NewConnectionError('<urllib3.connection.HTTPSConnection object at 0x0000020F809174D0>: Failed to establish a new connection: [WinError 10061] No connection could be made because the target machine actively refused it'))
2025-04-14 04:35:17,635 - ERROR - Error occurred while searching for jokowi on http://www.money-talk.org/profile.php?mode=viewprofile&u=/jokowi: HTTPConnectionPool(host='www.money-talk.org', port=80): Max retries exceeded with url: /profile.php?mode=viewprofile&u=/jokowi (Caused by NewConnectionError('<urllib3.connection.HTTPConnection object at 0x0000020F80901E80>: Failed to establish a new connection: [WinError 10061] No connection could be made because the target machine actively refused it'))
2025-04-14 04:39:40,911 - ERROR - Error occurred while searching for fufufafa on https://ask.fm//fufufafa: HTTPSConnectionPool(host='ask.fm', port=443): Max retries exceeded with url: /fufufafa (Caused by NameResolutionError("<urllib3.connection.HTTPSConnection object at 0x000001985CCD51D0>: Failed to resolve 'ask.fm' ([Errno 11001] getaddrinfo failed)"))
2025-04-14 04:48:33,509 - ERROR - Timeout occurred while searching for fufufafa on https://redtube.com/users//fufufafa
2025-04-14 04:48:40,449 - ERROR - Timeout occurred while searching for fufufafa on https://www.xvideos.com/profiles//fufufafa
2025-04-14 04:48:49,430 - ERROR - Connection error occurred while searching for fufufafa on https://bitcoinforum.com/profile//fufufafa: HTTPSConnectionPool(host='bitcoinforum.com', port=443): Max retries exceeded with url: /profile//fufufafa (Caused by NewConnectionError('<urllib3.connection.HTTPSConnection object at 0x0000029D8F7220D0>: Failed to establish a new connection: [WinError 10061] No connection could be made because the target machine actively refused it'))
2025-04-14 04:49:00,005 - ERROR - Connection error occurred while searching for fufufafa on http://www.money-talk.org/profile.php?mode=viewprofile&u=/fufufafa: HTTPConnectionPool(host='www.money-talk.org', port=80): Max retries exceeded with url: /profile.php?mode=viewprofile&u=/fufufafa (Caused by NewConnectionError('<urllib3.connection.HTTPConnection object at 0x0000029D8F729E80>: Failed to establish a new connection: [WinError 10061] No connection could be made because the target machine actively refused it'))
2025-04-14 04:49:00,276 - ERROR - Timeout occurred while searching for fufufafa on https://www.reddit.com/user//fufufafa
2025-04-14 04:49:10,713 - ERROR - Timeout occurred while searching for fufufafa on https://rt.pornhub.com/users//fufufafa
2025-04-14 04:49:11,576 - ERROR - Request error occurred while searching for fufufafa on https://www.duolingo.com/profile//fufufafa: Document is empty
2025-04-14 04:49:15,814 - ERROR - Timeout occurred while searching for fufufafa on https://www.seoclerks.com/user//fufufafa
2025-04-14 04:49:30,467 - ERROR - Timeout occurred while searching for fufufafa on https://vimeo.com//fufufafa
2025-04-14 04:49:34,980 - ERROR - Timeout occurred while searching for fufufafa on https://www.newgrounds.com//fufufafa
2025-04-14 04:50:21,844 - ERROR - Timeout occurred while searching for fufufafa on https://www.suicidegirls.com/members//fufufafa
2025-04-14 04:50:24,360 - ERROR - SSL Certificate error occurred while searching for fufufafa on https://www.zedge.net/profile//fufufafa
2025-04-14 04:50:31,289 - ERROR - Timeout occurred while searching for fufufafa on https://www.tasteofhome.com/cook//fufufafa
2025-04-14 04:50:38,680 - ERROR - Timeout occurred while searching for fufufafa on https://www.bloglovin.com/@/fufufafa
2025-04-14 04:50:58,504 - ERROR - Timeout occurred while searching for fufufafa on https://www.gamcare.org.uk/users//fufufafa
2025-04-14 04:54:25,356 - ERROR - Timeout occurred while searching for barkahshh on https://redtube.com/users//barkahshh
2025-04-14 04:54:26,535 - ERROR - Timeout occurred while searching for barkahshh on https://www.xvideos.com/profiles//barkahshh
2025-04-14 04:54:40,439 - ERROR - Connection error occurred while searching for barkahshh on https://bitcoinforum.com/profile//barkahshh: HTTPSConnectionPool(host='bitcoinforum.com', port=443): Max retries exceeded with url: /profile//barkahshh (Caused by NewConnectionError('<urllib3.connection.HTTPSConnection object at 0x000001DDD49D3250>: Failed to establish a new connection: [WinError 10061] No connection could be made because the target machine actively refused it'))
2025-04-14 04:54:46,051 - ERROR - Connection error occurred while searching for barkahshh on http://www.money-talk.org/profile.php?mode=viewprofile&u=/barkahshh: HTTPConnectionPool(host='www.money-talk.org', port=80): Max retries exceeded with url: /profile.php?mode=viewprofile&u=/barkahshh (Caused by NewConnectionError('<urllib3.connection.HTTPConnection object at 0x000001DDD49D52B0>: Failed to establish a new connection: [WinError 10061] No connection could be made because the target machine actively refused it'))
2025-04-14 04:54:52,730 - ERROR - Timeout occurred while searching for barkahshh on https://www.reddit.com/user//barkahshh
2025-04-14 04:54:52,823 - ERROR - Timeout occurred while searching for barkahshh on https://rt.pornhub.com/users//barkahshh
2025-04-14 04:55:00,861 - ERROR - Request error occurred while searching for barkahshh on https://www.duolingo.com/profile//barkahshh: Document is empty
2025-04-14 04:55:12,009 - ERROR - Timeout occurred while searching for barkahshh on https://www.seoclerks.com/user//barkahshh
2025-04-14 04:55:21,373 - ERROR - SSL Certificate error occurred while searching for barkahshh on https://www.newgrounds.com//barkahshh
2025-04-14 04:55:24,287 - ERROR - SSL Certificate error occurred while searching for barkahshh on https://vimeo.com//barkahshh
2025-04-14 04:55:52,178 - ERROR - Timeout occurred while searching for barkahshh on https://www.suicidegirls.com/members//barkahshh
2025-04-14 04:55:58,561 - ERROR - Timeout occurred while searching for barkahshh on https://www.bloglovin.com/@/barkahshh
2025-04-14 04:56:06,773 - ERROR - Timeout occurred while searching for barkahshh on https://www.zedge.net/profile//barkahshh
2025-04-14 04:56:35,300 - ERROR - Timeout occurred while searching for barkahshh on https://www.gamcare.org.uk/users//barkahshh
2025-04-14 05:09:22,370 - ERROR - Connection error occurred while searching for fufufafa on https://bitcoinforum.com/profile//fufufafa: HTTPSConnectionPool(host='bitcoinforum.com', port=443): Max retries exceeded with url: /profile//fufufafa (Caused by NewConnectionError('<urllib3.connection.HTTPSConnection object at 0x0000023FB7C656D0>: Failed to establish a new connection: [WinError 10061] No connection could be made because the target machine actively refused it'))
2025-04-14 05:09:23,546 - ERROR - Connection error occurred while searching for fufufafa on http://www.money-talk.org/profile.php?mode=viewprofile&u=/fufufafa: HTTPConnectionPool(host='www.money-talk.org', port=80): Max retries exceeded with url: /profile.php?mode=viewprofile&u=/fufufafa (Caused by NewConnectionError('<urllib3.connection.HTTPConnection object at 0x0000023FB7C64CD0>: Failed to establish a new connection: [WinError 10061] No connection could be made because the target machine actively refused it'))
2025-04-14 05:11:35,391 - ERROR - SSL Certificate error occurred while searching for fufufafa on https://redtube.com/users//fufufafa
2025-04-14 05:11:47,804 - ERROR - SSL Certificate error occurred while searching for fufufafa on https://www.reddit.com/user//fufufafa
2025-04-14 05:11:53,924 - ERROR - Timeout occurred while searching for fufufafa on https://www.bloglovin.com/@/fufufafa
2025-04-14 05:12:08,433 - ERROR - Timeout occurred while searching for fufufafa on https://vimeo.com//fufufafa
2025-04-14 05:12:11,165 - ERROR - Timeout occurred while searching for fufufafa on https://www.xvideos.com/profiles//fufufafa
2025-04-14 05:12:22,237 - ERROR - SSL Certificate error occurred while searching for fufufafa on https://www.gamcare.org.uk/users//fufufafa
2025-04-14 05:12:40,557 - ERROR - Timeout occurred while searching for fufufafa on https://www.seoclerks.com/user//fufufafa
2025-04-14 05:12:45,346 - ERROR - SSL Certificate error occurred while searching for fufufafa on https://www.newgrounds.com//fufufafa
2025-04-14 05:12:46,516 - ERROR - Timeout occurred while searching for fufufafa on https://www.zedge.net/profile//fufufafa
2025-04-14 05:12:56,478 - ERROR - SSL Certificate error occurred while searching for fufufafa on https://www.suicidegirls.com/members//fufufafa
2025-04-14 05:13:10,391 - ERROR - Timeout occurred while searching for fufufafa on https://rt.pornhub.com/users//fufufafa
2025-04-14 05:23:51,036 - ERROR - Connection error occurred while searching for barkahss on https://bitcoinforum.com/profile//barkahss: HTTPSConnectionPool(host='bitcoinforum.com', port=443): Max retries exceeded with url: /profile//barkahss (Caused by NewConnectionError('<urllib3.connection.HTTPSConnection object at 0x00000244FED2ED50>: Failed to establish a new connection: [WinError 10061] No connection could be made because the target machine actively refused it'))
2025-04-14 05:23:53,048 - ERROR - Connection error occurred while searching for barkahss on http://www.money-talk.org/profile.php?mode=viewprofile&u=/barkahss: HTTPConnectionPool(host='www.money-talk.org', port=80): Max retries exceeded with url: /profile.php?mode=viewprofile&u=/barkahss (Caused by NewConnectionError('<urllib3.connection.HTTPConnection object at 0x00000244FEDDAD50>: Failed to establish a new connection: [WinError 10061] No connection could be made because the target machine actively refused it'))
2025-04-14 05:24:29,300 - ERROR - SSL Certificate error occurred while searching for barkahss on https://www.xvideos.com/profiles//barkahss
2025-04-14 05:25:30,295 - ERROR - SSL Certificate error occurred while searching for barkahss on https://vimeo.com//barkahss
2025-04-14 05:25:42,997 - ERROR - Timeout occurred while searching for barkahss on https://www.seoclerks.com/user//barkahss
2025-04-14 05:25:45,221 - ERROR - Timeout occurred while searching for barkahss on https://www.newgrounds.com//barkahss
2025-04-14 05:26:19,297 - ERROR - Timeout occurred while searching for barkahss on https://redtube.com/users//barkahss
2025-04-14 05:26:21,567 - ERROR - Timeout occurred while searching for barkahss on https://rt.pornhub.com/users//barkahss
2025-04-14 05:26:31,463 - ERROR - Timeout occurred while searching for barkahss on https://www.suicidegirls.com/members//barkahss
2025-04-14 05:26:36,504 - ERROR - SSL Certificate error occurred while searching for barkahss on https://www.gamcare.org.uk/users//barkahss
2025-04-14 05:26:52,452 - ERROR - Timeout occurred while searching for barkahss on https://www.bloglovin.com/@/barkahss
2025-04-14 05:26:56,815 - ERROR - Connection error occurred while searching for barkahss on https://www.reddit.com/user//barkahss: ('Connection aborted.', ConnectionResetError(10054, 'An existing connection was forcibly closed by the remote host', None, 10054, None))
2025-04-14 05:27:22,903 - ERROR - Connection error occurred while searching for barkahss on https://www.zedge.net/profile//barkahss: ('Connection aborted.', ConnectionResetError(10054, 'An existing connection was forcibly closed by the remote host', None, 10054, None))
2025-04-14 05:43:34,211 - ERROR - Connection error occurred while searching for cybersecurity trends 2024 on https://bitcoinforum.com/profile//cybersecuritytrends2024: HTTPSConnectionPool(host='bitcoinforum.com', port=443): Max retries exceeded with url: /profile//cybersecuritytrends2024 (Caused by NewConnectionError('<urllib3.connection.HTTPSConnection object at 0x00000192F08BC550>: Failed to establish a new connection: [WinError 10061] No connection could be made because the target machine actively refused it'))
2025-04-14 05:43:35,816 - ERROR - Connection error occurred while searching for cybersecurity trends 2024 on http://www.money-talk.org/profile.php?mode=viewprofile&u=/cybersecuritytrends2024: HTTPConnectionPool(host='www.money-talk.org', port=80): Max retries exceeded with url: /profile.php?mode=viewprofile&u=/cybersecuritytrends2024 (Caused by NewConnectionError('<urllib3.connection.HTTPConnection object at 0x00000192F08BE350>: Failed to establish a new connection: [WinError 10061] No connection could be made because the target machine actively refused it'))
2025-04-14 05:44:46,677 - ERROR - SSL Certificate error occurred while searching for cybersecurity trends 2024 on https://www.xvideos.com/profiles//cybersecuritytrends2024
2025-04-14 05:45:13,979 - ERROR - Timeout occurred while searching for cybersecurity trends 2024 on https://www.reddit.com/user//cybersecuritytrends2024
2025-04-14 05:45:25,400 - ERROR - SSL Certificate error occurred while searching for cybersecurity trends 2024 on https://redtube.com/users//cybersecuritytrends2024
2025-04-14 05:45:44,101 - ERROR - SSL Certificate error occurred while searching for cybersecurity trends 2024 on https://www.newgrounds.com//cybersecuritytrends2024
2025-04-14 05:46:04,925 - ERROR - SSL Certificate error occurred while searching for cybersecurity trends 2024 on https://www.suicidegirls.com/members//cybersecuritytrends2024
2025-04-14 05:46:43,037 - ERROR - Connection error occurred while searching for cybersecurity trends 2024 on https://vimeo.com//cybersecuritytrends2024: ('Connection aborted.', ConnectionResetError(10054, 'An existing connection was forcibly closed by the remote host', None, 10054, None))
2025-04-14 05:46:46,896 - ERROR - Timeout occurred while searching for cybersecurity trends 2024 on https://www.seoclerks.com/user//cybersecuritytrends2024
2025-04-14 05:46:57,556 - ERROR - Timeout occurred while searching for cybersecurity trends 2024 on https://rt.pornhub.com/users//cybersecuritytrends2024
2025-04-14 05:47:17,351 - ERROR - Timeout occurred while searching for cybersecurity trends 2024 on https://www.bloglovin.com/@/cybersecuritytrends2024
2025-04-14 05:47:35,098 - ERROR - SSL Certificate error occurred while searching for cybersecurity trends 2024 on https://www.gamcare.org.uk/users//cybersecuritytrends2024
2025-04-14 05:48:05,404 - ERROR - Timeout occurred while searching for cybersecurity trends 2024 on https://www.zedge.net/profile//cybersecuritytrends2024
2025-04-14 05:53:03,997 - ERROR - Connection error occurred while searching for y on https://bitcoinforum.com/profile//y: HTTPSConnectionPool(host='bitcoinforum.com', port=443): Max retries exceeded with url: /profile//y (Caused by NewConnectionError('<urllib3.connection.HTTPSConnection object at 0x000001EE249A82D0>: Failed to establish a new connection: [WinError 10061] No connection could be made because the target machine actively refused it'))
2025-04-14 05:53:06,446 - ERROR - Connection error occurred while searching for y on http://www.money-talk.org/profile.php?mode=viewprofile&u=: HTTPConnectionPool(host='www.money-talk.org', port=80): Max retries exceeded with url: /profile.php?mode=viewprofile&u= (Caused by NewConnectionError('<urllib3.connection.HTTPConnection object at 0x000001EE25554CD0>: Failed to establish a new connection: [WinError 10061] No connection could be made because the target machine actively refused it'))
2025-04-14 05:54:17,476 - ERROR - Timeout occurred while searching for y on https://www.ebay.com/usr/
2025-04-14 05:54:22,142 - ERROR - SSL Certificate error occurred while searching for y on https://www.reddit.com/user//y
2025-04-14 05:55:34,536 - ERROR - Timeout occurred while searching for y on https://www.xvideos.com/profiles//y
2025-04-14 05:55:50,785 - ERROR - Timeout occurred while searching for y on https://www.bloglovin.com/@/y
2025-04-14 05:55:57,258 - ERROR - Timeout occurred while searching for y on https://rt.pornhub.com/users//y
2025-04-14 05:55:57,613 - ERROR - Timeout occurred while searching for y on https://www.suicidegirls.com/members//y
2025-04-14 05:56:05,987 - ERROR - SSL Certificate error occurred while searching for y on https://www.newgrounds.com//y
2025-04-14 05:56:07,003 - ERROR - Timeout occurred while searching for y on https://www.seoclerks.com/user//y
2025-04-14 05:56:23,801 - ERROR - Timeout occurred while searching for y on https://vimeo.com//y
2025-04-14 05:56:39,462 - ERROR - Timeout occurred while searching for y on https://www.gamcare.org.uk/users//y
2025-04-14 05:56:51,686 - ERROR - Timeout occurred while searching for y on https://redtube.com/users//y
2025-04-14 05:57:50,041 - ERROR - Timeout occurred while searching for y on https://www.zedge.net/profile//y
